
> portfolio@1.0.0 build C:\├ürea de Trabalho\Projetos\portfolio
> turbo run build

ÔÇó turbo 2.8.12
ÔÇó Packages in scope: @core, @database, @packages
ÔÇó Running build in 3 packages
ÔÇó Remote caching disabled
@database:build: cache hit, replaying logs 8a3560e52936462b
@database:build: 
@database:build: > @database@1.0.0 build C:\├ürea de Trabalho\Projetos\portfolio\database
@database:build: > tsup
@database:build: 
@database:build: [34mCLI[39m Building entry: src/index.ts
@database:build: [34mCLI[39m Using tsconfig: tsconfig.json
@database:build: [34mCLI[39m tsup v8.5.1
@database:build: [34mCLI[39m Using tsup config: C:\├ürea de Trabalho\Projetos\portfolio\database\tsup.config.ts
@database:build: [34mCLI[39m Target: node20
@database:build: [34mCLI[39m Cleaning output folder
@database:build: [34mESM[39m Build start
@database:build: [32mESM[39m [1mdist\index.js     [22m[32m1.22 KB[39m
@database:build: [32mESM[39m [1mdist\index.js.map [22m[32m2.20 KB[39m
@database:build: [32mESM[39m ÔÜí´©Å Build success in 37ms
@database:build: [34mDTS[39m Build start
@database:build: [32mDTS[39m ÔÜí´©Å Build success in 5166ms
@database:build: [32mDTS[39m [1mdist\index.d.ts [22m[32m9.13 KB[39m
@packages:build: cache hit, replaying logs eb2957f6c611b4bb
@packages:build: 
@packages:build: > @packages@1.0.0 build C:\├ürea de Trabalho\Projetos\portfolio\packages
@packages:build: > tsup
@packages:build: 
@packages:build: [34mCLI[39m Building entry: src/index.ts
@packages:build: [34mCLI[39m Using tsconfig: tsconfig.json
@packages:build: [34mCLI[39m tsup v8.5.1
@packages:build: [34mCLI[39m Using tsup config: C:\├ürea de Trabalho\Projetos\portfolio\packages\tsup.config.ts
@packages:build: [34mCLI[39m Target: es2022
@packages:build: [34mCLI[39m Cleaning output folder
@packages:build: [34mESM[39m Build start
@packages:build: [32mESM[39m [1mdist\index.js     [22m[32m1.32 KB[39m
@packages:build: [32mESM[39m [1mdist\index.js.map [22m[32m2.87 KB[39m
@packages:build: [32mESM[39m ÔÜí´©Å Build success in 93ms
@packages:build: [34mDTS[39m Build start
@packages:build: [32mDTS[39m ÔÜí´©Å Build success in 7526ms
@packages:build: [32mDTS[39m [1mdist\index.d.ts [22m[32m3.68 KB[39m
@core:build: cache miss, executing 258165076f32b3fa
@core:build: 
@core:build: > @core@1.0.0 build C:\├ürea de Trabalho\Projetos\portfolio\core
@core:build: > tsc
@core:build: 
@core:build: src/services/posts.service.ts(23,12): error TS2345: Argument of type '{ title?: string | undefined; content?: string | undefined; links?: string | undefined; }' is not assignable to parameter of type '{ title?: string | SQL<unknown> | PgColumn<ColumnBaseConfig<ColumnDataType, string>, {}, {}> | undefined; content?: string | SQL<unknown> | PgColumn<...> | undefined; links?: string[] | ... 2 more ... | undefined; id?: string | ... 2 more ... | undefined; createdAt?: SQL<...> | ... 2 more ... | undefined; updatedAt?...'.
@core:build:   Types of property 'links' are incompatible.
@core:build:     Type 'string | undefined' is not assignable to type 'string[] | SQL<unknown> | PgColumn<ColumnBaseConfig<ColumnDataType, string>, {}, {}> | undefined'.
@core:build:       Type 'string' is not assignable to type 'string[] | SQL<unknown> | PgColumn<ColumnBaseConfig<ColumnDataType, string>, {}, {}> | undefined'.
@core:build: src/services/projects.service.ts(30,12): error TS2345: Argument of type '{ links?: string | undefined; name?: string | undefined; description?: string | undefined; }' is not assignable to parameter of type '{ links?: string[] | SQL<unknown> | PgColumn<ColumnBaseConfig<ColumnDataType, string>, {}, {}> | undefined; name?: string | SQL<unknown> | PgColumn<...> | undefined; description?: string | ... 2 more ... | undefined; id?: string | ... 2 more ... | undefined; createdAt?: SQL<...> | ... 2 more ... | undefined; updated...'.
@core:build:   Types of property 'links' are incompatible.
@core:build:     Type 'string | undefined' is not assignable to type 'string[] | SQL<unknown> | PgColumn<ColumnBaseConfig<ColumnDataType, string>, {}, {}> | undefined'.
@core:build:       Type 'string' is not assignable to type 'string[] | SQL<unknown> | PgColumn<ColumnBaseConfig<ColumnDataType, string>, {}, {}> | undefined'.
@core:build: ÔÇëELIFECYCLEÔÇë Command failed with exit code 2.
@core:build: ERROR: command finished with error: command (C:\├ürea de Trabalho\Projetos\portfolio\core) C:\Users\Usuario\AppData\Local\pnpm\pnpm.CMD run build exited (2)
@core#build: command (C:\├ürea de Trabalho\Projetos\portfolio\core) C:\Users\Usuario\AppData\Local\pnpm\pnpm.CMD run build exited (2)

 Tasks:    2 successful, 3 total
Cached:    2 cached, 3 total
  Time:    6.949s 
Failed:    @core#build

 ERROR  run failed: command  exited (2)
ÔÇëELIFECYCLEÔÇë Command failed with exit code 2.
